#
# There is insufficient memory for the Java Runtime Environment to continue.
# Native memory allocation (malloc) failed to allocate 1300736 bytes for Chunk::new
# Possible reasons:
#   The system is out of physical RAM or swap space
#   The process is running with CompressedOops enabled, and the Java Heap may be blocking the growth of the native heap
# Possible solutions:
#   Reduce memory load on the system
#   Increase physical memory or swap space
#   Check if swap backing store is full
#   Decrease Java heap size (-Xmx/-Xms)
#   Decrease number of Java threads
#   Decrease Java thread stack sizes (-Xss)
#   Set larger code cache with -XX:ReservedCodeCacheSize=
#   JVM is running with Unscaled Compressed Oops mode in which the Java heap is
#     placed in the first 4GB address space. The Java Heap base address is the
#     maximum limit for the native heap growth. Please use -XX:HeapBaseMinAddress
#     to set the Java Heap base and to place the Java Heap above 4GB virtual address.
# This output file may be truncated or incomplete.
#
#  Out of Memory Error (allocation.cpp:389), pid=140080, tid=0x000000000001f390
#
# JRE version: Java(TM) SE Runtime Environment (8.0_221-b11) (build 1.8.0_221-b11)
# Java VM: Java HotSpot(TM) 64-Bit Server VM (25.221-b11 mixed mode windows-amd64 compressed oops)
# Failed to write core dump. Minidumps are not enabled by default on client versions of Windows
#

---------------  T H R E A D  ---------------

Current thread (0x000000001a102000):  JavaThread "C2 CompilerThread2" daemon [_thread_in_native, id=127888, stack(0x000000001aac0000,0x000000001abc0000)]

Stack: [0x000000001aac0000,0x000000001abc0000]
[error occurred during error reporting (printing stack bounds), id 0xc0000005]

Native frames: (J=compiled Java code, j=interpreted, Vv=VM code, C=native code)


Current CompileTask:
C2:   3678 3697       4       java.net.URLClassLoader$1::run (5 bytes)


---------------  P R O C E S S  ---------------

Java Threads: ( => current thread )
  0x000000001a195000 JavaThread "Service Thread" daemon [_thread_blocked, id=138680, stack(0x000000001acc0000,0x000000001adc0000)]
  0x000000001a103000 JavaThread "C1 CompilerThread3" daemon [_thread_blocked, id=132960, stack(0x000000001abc0000,0x000000001acc0000)]
=>0x000000001a102000 JavaThread "C2 CompilerThread2" daemon [_thread_in_native, id=127888, stack(0x000000001aac0000,0x000000001abc0000)]
  0x000000001a0fd800 JavaThread "C2 CompilerThread1" daemon [_thread_in_native, id=138972, stack(0x000000001a9c0000,0x000000001aac0000)]
  0x000000001a0ef000 JavaThread "C2 CompilerThread0" daemon [_thread_in_native, id=133788, stack(0x000000001a8c0000,0x000000001a9c0000)]
  0x000000001a0ec800 JavaThread "Attach Listener" daemon [_thread_blocked, id=139060, stack(0x000000001a7c0000,0x000000001a8c0000)]
  0x000000001a098800 JavaThread "Signal Dispatcher" daemon [_thread_blocked, id=139580, stack(0x000000001a6c0000,0x000000001a7c0000)]
  0x000000001a080800 JavaThread "Finalizer" daemon [_thread_blocked, id=139708, stack(0x000000001a560000,0x000000001a660000)]
  0x00000000032c8000 JavaThread "Reference Handler" daemon [_thread_blocked, id=136860, stack(0x000000001a460000,0x000000001a560000)]
  0x00000000031d2800 JavaThread "main" [_thread_in_Java, id=138900, stack(0x00000000030d0000,0x00000000031d0000)]

Other Threads:
  0x0000000018278000 VMThread [stack: 0x0000000019f60000,0x000000001a060000] [id=139876]
  0x000000001a1cb800 WatcherThread [stack: 0x000000001adc0000,0x000000001aec0000] [id=136372]

VM state:not at safepoint (normal execution)

VM Mutex/Monitor currently owned by a thread: None

heap address: 0x0000000081600000, size: 2026 MB, Compressed Oops mode: 32-bit
Narrow klass base: 0x0000000000000000, Narrow klass shift: 3
Compressed class space size: 1073741824 Address: 0x0000000100000000

Heap:
 PSYoungGen      total 138240K, used 39583K [0x00000000d5d00000, 0x00000000de900000, 0x0000000100000000)
  eden space 133120K, 29% used [0x00000000d5d00000,0x00000000d83a7c00,0x00000000ddf00000)
  from space 5120K, 0% used [0x00000000de400000,0x00000000de400000,0x00000000de900000)
  to   space 5120K, 0% used [0x00000000ddf00000,0x00000000ddf00000,0x00000000de400000)
 ParOldGen       total 78336K, used 14342K [0x0000000081600000, 0x0000000086280000, 0x00000000d5d00000)
  object space 78336K, 18% used [0x0000000081600000,0x0000000082401aa0,0x0000000086280000)
 Metaspace       used 23033K, capacity 23612K, committed 23808K, reserved 1071104K
  class space    used 2785K, capacity 2947K, committed 3072K, reserved 1048576K

Card table byte_map: [0x0000000012690000,0x0000000012a90000] byte_map_base: 0x0000000012285000

Marking Bits: (ParMarkBitMap*) 0x0000000054665ce0
 Begin Bits: [0x0000000013540000, 0x00000000154e8000)
 End Bits:   [0x00000000154e8000, 0x0000000017490000)

Polling page: 0x0000000001510000

CodeCache: size=245760Kb used=12520Kb max_used=12520Kb free=233240Kb
 bounds [0x00000000032d0000, 0x0000000003f20000, 0x00000000122d0000]
 total_blobs=4177 nmethods=3776 adapters=313
 compilation: enabled

Compilation events (10 events):
Event: 3.659 Thread 0x000000001a103000 nmethod 3778 0x0000000003f07310 code [0x0000000003f074c0, 0x0000000003f07a18]
Event: 3.659 Thread 0x000000001a103000 3770       3       org.apache.maven.model.merge.ModelMerger::mergeModelBase_DistributionManagement (49 bytes)
Event: 3.659 Thread 0x000000001a103000 nmethod 3770 0x0000000003f07c50 code [0x0000000003f07de0, 0x0000000003f083a8]
Event: 3.663 Thread 0x000000001a103000 3779       3       org.apache.maven.model.Site::setUrl (6 bytes)
Event: 3.664 Thread 0x000000001a103000 nmethod 3779 0x0000000003f085d0 code [0x0000000003f08720, 0x0000000003f08890]
Event: 3.664 Thread 0x000000001a103000 3780       3       org.apache.maven.model.merge.ModelMerger::mergeBuildBase_Resources (191 bytes)
Event: 3.666 Thread 0x000000001a103000 nmethod 3780 0x0000000003f08910 code [0x0000000003f08cc0, 0x0000000003f0b0a8]
Event: 3.666 Thread 0x000000001a103000 3781       3       org.eclipse.aether.util.version.GenericVersionScheme::<init> (5 bytes)
Event: 3.666 Thread 0x000000001a103000 nmethod 3781 0x0000000003f0c2d0 code [0x0000000003f0c420, 0x0000000003f0c5d0]
Event: 3.666 Thread 0x000000001a103000 3782       3       org.eclipse.aether.util.version.GenericVersionScheme::parseVersionConstraint (261 bytes)

GC Heap History (10 events):
Event: 0.549 GC heap before
{Heap before GC invocations=1 (full 0):
 PSYoungGen      total 38400K, used 33280K [0x00000000d5d00000, 0x00000000d8780000, 0x0000000100000000)
  eden space 33280K, 100% used [0x00000000d5d00000,0x00000000d7d80000,0x00000000d7d80000)
  from space 5120K, 0% used [0x00000000d8280000,0x00000000d8280000,0x00000000d8780000)
  to   space 5120K, 0% used [0x00000000d7d80000,0x00000000d7d80000,0x00000000d8280000)
 ParOldGen       total 87552K, used 0K [0x0000000081600000, 0x0000000086b80000, 0x00000000d5d00000)
  object space 87552K, 0% used [0x0000000081600000,0x0000000081600000,0x0000000086b80000)
 Metaspace       used 8147K, capacity 8328K, committed 8576K, reserved 1056768K
  class space    used 994K, capacity 1052K, committed 1152K, reserved 1048576K
Event: 0.555 GC heap after
Heap after GC invocations=1 (full 0):
 PSYoungGen      total 38400K, used 5090K [0x00000000d5d00000, 0x00000000da800000, 0x0000000100000000)
  eden space 33280K, 0% used [0x00000000d5d00000,0x00000000d5d00000,0x00000000d7d80000)
  from space 5120K, 99% used [0x00000000d7d80000,0x00000000d82789e0,0x00000000d8280000)
  to   space 5120K, 0% used [0x00000000da300000,0x00000000da300000,0x00000000da800000)
 ParOldGen       total 87552K, used 467K [0x0000000081600000, 0x0000000086b80000, 0x00000000d5d00000)
  object space 87552K, 0% used [0x0000000081600000,0x0000000081674e00,0x0000000086b80000)
 Metaspace       used 8147K, capacity 8328K, committed 8576K, reserved 1056768K
  class space    used 994K, capacity 1052K, committed 1152K, reserved 1048576K
}
Event: 0.862 GC heap before
{Heap before GC invocations=2 (full 0):
 PSYoungGen      total 38400K, used 38370K [0x00000000d5d00000, 0x00000000da800000, 0x0000000100000000)
  eden space 33280K, 100% used [0x00000000d5d00000,0x00000000d7d80000,0x00000000d7d80000)
  from space 5120K, 99% used [0x00000000d7d80000,0x00000000d82789e0,0x00000000d8280000)
  to   space 5120K, 0% used [0x00000000da300000,0x00000000da300000,0x00000000da800000)
 ParOldGen       total 87552K, used 467K [0x0000000081600000, 0x0000000086b80000, 0x00000000d5d00000)
  object space 87552K, 0% used [0x0000000081600000,0x0000000081674e00,0x0000000086b80000)
 Metaspace       used 11666K, capacity 11898K, committed 12032K, reserved 1060864K
  class space    used 1446K, capacity 1513K, committed 1536K, reserved 1048576K
Event: 0.868 GC heap after
Heap after GC invocations=2 (full 0):
 PSYoungGen      total 71680K, used 5119K [0x00000000d5d00000, 0x00000000da800000, 0x0000000100000000)
  eden space 66560K, 0% used [0x00000000d5d00000,0x00000000d5d00000,0x00000000d9e00000)
  from space 5120K, 99% used [0x00000000da300000,0x00000000da7ffd18,0x00000000da800000)
  to   space 5120K, 0% used [0x00000000d9e00000,0x00000000d9e00000,0x00000000da300000)
 ParOldGen       total 87552K, used 2623K [0x0000000081600000, 0x0000000086b80000, 0x00000000d5d00000)
  object space 87552K, 2% used [0x0000000081600000,0x000000008188ffd0,0x0000000086b80000)
 Metaspace       used 11666K, capacity 11898K, committed 12032K, reserved 1060864K
  class space    used 1446K, capacity 1513K, committed 1536K, reserved 1048576K
}
Event: 1.939 GC heap before
{Heap before GC invocations=3 (full 0):
 PSYoungGen      total 71680K, used 71679K [0x00000000d5d00000, 0x00000000da800000, 0x0000000100000000)
  eden space 66560K, 100% used [0x00000000d5d00000,0x00000000d9e00000,0x00000000d9e00000)
  from space 5120K, 99% used [0x00000000da300000,0x00000000da7ffd18,0x00000000da800000)
  to   space 5120K, 0% used [0x00000000d9e00000,0x00000000d9e00000,0x00000000da300000)
 ParOldGen       total 87552K, used 2623K [0x0000000081600000, 0x0000000086b80000, 0x00000000d5d00000)
  object space 87552K, 2% used [0x0000000081600000,0x000000008188ffd0,0x0000000086b80000)
 Metaspace       used 16046K, capacity 16364K, committed 16640K, reserved 1064960K
  class space    used 1943K, capacity 2048K, committed 2048K, reserved 1048576K
Event: 1.953 GC heap after
Heap after GC invocations=3 (full 0):
 PSYoungGen      total 71680K, used 5088K [0x00000000d5d00000, 0x00000000de900000, 0x0000000100000000)
  eden space 66560K, 0% used [0x00000000d5d00000,0x00000000d5d00000,0x00000000d9e00000)
  from space 5120K, 99% used [0x00000000d9e00000,0x00000000da2f8050,0x00000000da300000)
  to   space 5120K, 0% used [0x00000000de400000,0x00000000de400000,0x00000000de900000)
 ParOldGen       total 87552K, used 7648K [0x0000000081600000, 0x0000000086b80000, 0x00000000d5d00000)
  object space 87552K, 8% used [0x0000000081600000,0x0000000081d78000,0x0000000086b80000)
 Metaspace       used 16046K, capacity 16364K, committed 16640K, reserved 1064960K
  class space    used 1943K, capacity 2048K, committed 2048K, reserved 1048576K
}
Event: 2.628 GC heap before
{Heap before GC invocations=4 (full 0):
 PSYoungGen      total 71680K, used 53044K [0x00000000d5d00000, 0x00000000de900000, 0x0000000100000000)
  eden space 66560K, 72% used [0x00000000d5d00000,0x00000000d8bd52f0,0x00000000d9e00000)
  from space 5120K, 99% used [0x00000000d9e00000,0x00000000da2f8050,0x00000000da300000)
  to   space 5120K, 0% used [0x00000000de400000,0x00000000de400000,0x00000000de900000)
 ParOldGen       total 87552K, used 7648K [0x0000000081600000, 0x0000000086b80000, 0x00000000d5d00000)
  object space 87552K, 8% used [0x0000000081600000,0x0000000081d78000,0x0000000086b80000)
 Metaspace       used 20790K, capacity 21140K, committed 21296K, reserved 1069056K
  class space    used 2525K, capacity 2640K, committed 2688K, reserved 1048576K
Event: 2.645 GC heap after
Heap after GC invocations=4 (full 0):
 PSYoungGen      total 138240K, used 5096K [0x00000000d5d00000, 0x00000000de900000, 0x0000000100000000)
  eden space 133120K, 0% used [0x00000000d5d00000,0x00000000d5d00000,0x00000000ddf00000)
  from space 5120K, 99% used [0x00000000de400000,0x00000000de8fa050,0x00000000de900000)
  to   space 5120K, 0% used [0x00000000ddf00000,0x00000000ddf00000,0x00000000de400000)
 ParOldGen       total 87552K, used 15012K [0x0000000081600000, 0x0000000086b80000, 0x00000000d5d00000)
  object space 87552K, 17% used [0x0000000081600000,0x00000000824a93f0,0x0000000086b80000)
 Metaspace       used 20790K, capacity 21140K, committed 21296K, reserved 1069056K
  class space    used 2525K, capacity 2640K, committed 2688K, reserved 1048576K
}
Event: 2.645 GC heap before
{Heap before GC invocations=5 (full 1):
 PSYoungGen      total 138240K, used 5096K [0x00000000d5d00000, 0x00000000de900000, 0x0000000100000000)
  eden space 133120K, 0% used [0x00000000d5d00000,0x00000000d5d00000,0x00000000ddf00000)
  from space 5120K, 99% used [0x00000000de400000,0x00000000de8fa050,0x00000000de900000)
  to   space 5120K, 0% used [0x00000000ddf00000,0x00000000ddf00000,0x00000000de400000)
 ParOldGen       total 87552K, used 15012K [0x0000000081600000, 0x0000000086b80000, 0x00000000d5d00000)
  object space 87552K, 17% used [0x0000000081600000,0x00000000824a93f0,0x0000000086b80000)
 Metaspace       used 20790K, capacity 21140K, committed 21296K, reserved 1069056K
  class space    used 2525K, capacity 2640K, committed 2688K, reserved 1048576K
Event: 2.720 GC heap after
Heap after GC invocations=5 (full 1):
 PSYoungGen      total 138240K, used 0K [0x00000000d5d00000, 0x00000000de900000, 0x0000000100000000)
  eden space 133120K, 0% used [0x00000000d5d00000,0x00000000d5d00000,0x00000000ddf00000)
  from space 5120K, 0% used [0x00000000de400000,0x00000000de400000,0x00000000de900000)
  to   space 5120K, 0% used [0x00000000ddf00000,0x00000000ddf00000,0x00000000de400000)
 ParOldGen       total 78336K, used 14342K [0x0000000081600000, 0x0000000086280000, 0x00000000d5d00000)
  object space 78336K, 18% used [0x0000000081600000,0x0000000082401aa0,0x0000000086280000)
 Metaspace       used 20790K, capacity 21140K, committed 21296K, reserved 1069056K
  class space    used 2525K, capacity 2640K, committed 2688K, reserved 1048576K
}

Deoptimization events (10 events):
Event: 3.588 Thread 0x00000000031d2800 Uncommon trap: reason=unstable_if action=reinterpret pc=0x00000000035a0de4 method=sun.nio.cs.StreamDecoder.read0()I @ 11
Event: 3.591 Thread 0x00000000031d2800 Uncommon trap: reason=class_check action=maybe_recompile pc=0x00000000039c1520 method=java.util.Hashtable.put(Ljava/lang/Object;Ljava/lang/Object;)Ljava/lang/Object; @ 18
Event: 3.592 Thread 0x00000000031d2800 Uncommon trap: reason=class_check action=maybe_recompile pc=0x00000000039c1520 method=java.util.Hashtable.put(Ljava/lang/Object;Ljava/lang/Object;)Ljava/lang/Object; @ 18
Event: 3.593 Thread 0x00000000031d2800 Uncommon trap: reason=class_check action=maybe_recompile pc=0x00000000039c1520 method=java.util.Hashtable.put(Ljava/lang/Object;Ljava/lang/Object;)Ljava/lang/Object; @ 18
Event: 3.595 Thread 0x00000000031d2800 Uncommon trap: reason=class_check action=maybe_recompile pc=0x00000000039c1520 method=java.util.Hashtable.put(Ljava/lang/Object;Ljava/lang/Object;)Ljava/lang/Object; @ 18
Event: 3.599 Thread 0x00000000031d2800 Uncommon trap: reason=class_check action=maybe_recompile pc=0x00000000039dd500 method=java.util.Hashtable.addEntry(ILjava/lang/Object;Ljava/lang/Object;I)V @ 38
Event: 3.608 Thread 0x00000000031d2800 Uncommon trap: reason=class_check action=maybe_recompile pc=0x00000000039f8b08 method=java.util.Hashtable.get(Ljava/lang/Object;)Ljava/lang/Object; @ 6
Event: 3.608 Thread 0x00000000031d2800 Uncommon trap: reason=class_check action=maybe_recompile pc=0x00000000039f8b08 method=java.util.Hashtable.get(Ljava/lang/Object;)Ljava/lang/Object; @ 6
Event: 3.608 Thread 0x00000000031d2800 Uncommon trap: reason=class_check action=maybe_recompile pc=0x00000000039f8b08 method=java.util.Hashtable.get(Ljava/lang/Object;)Ljava/lang/Object; @ 6
Event: 3.609 Thread 0x00000000031d2800 Uncommon trap: reason=class_check action=maybe_recompile pc=0x00000000039f8b08 method=java.util.Hashtable.get(Ljava/lang/Object;)Ljava/lang/Object; @ 6

Classes redefined (0 events):
No events

Internal exceptions (10 events):
Event: 1.084 Thread 0x00000000031d2800 Exception <a 'java/lang/NullPointerException'> (0x00000000d6b32cc0) thrown at [C:\re\workspace\8-2-build-windows-amd64-cygwin\jdk8u221\13320\hotspot\src\share\vm\interpreter\linkResolver.cpp, line 1185]
Event: 1.108 Thread 0x00000000031d2800 Implicit null exception at 0x0000000003527914 to 0x0000000003527cb9
Event: 1.108 Thread 0x00000000031d2800 Implicit null exception at 0x00000000034c8216 to 0x00000000034c85ad
Event: 1.293 Thread 0x00000000031d2800 Implicit null exception at 0x0000000003696ad5 to 0x0000000003696ca5
Event: 1.293 Thread 0x00000000031d2800 Implicit null exception at 0x0000000003619eaf to 0x0000000003619f19
Event: 1.387 Thread 0x00000000031d2800 Implicit null exception at 0x0000000003938c1d to 0x0000000003939da9
Event: 1.406 Thread 0x00000000031d2800 Implicit null exception at 0x000000000376a65b to 0x000000000376aac1
Event: 2.200 Thread 0x00000000031d2800 Exception <a 'java/lang/ClassNotFoundException': com/sun/tools/javac/api/JavacTool> (0x00000000d70cf618) thrown at [C:\re\workspace\8-2-build-windows-amd64-cygwin\jdk8u221\13320\hotspot\src\share\vm\classfile\systemDictionary.cpp, line 210]
Event: 2.543 Thread 0x00000000031d2800 Exception <a 'java/io/FileNotFoundException'> (0x00000000d822c898) thrown at [C:\re\workspace\8-2-build-windows-amd64-cygwin\jdk8u221\13320\hotspot\src\share\vm\prims\jni.cpp, line 710]
Event: 2.546 Thread 0x00000000031d2800 Exception <a 'java/io/FileNotFoundException'> (0x00000000d8261920) thrown at [C:\re\workspace\8-2-build-windows-amd64-cygwin\jdk8u221\13320\hotspot\src\share\vm\prims\jni.cpp, line 710]

Events (10 events):
Event: 3.608 Thread 0x00000000031d2800 DEOPT UNPACKING pc=0x000000000331583b sp=0x00000000031cdb08 mode 2
Event: 3.608 Thread 0x00000000031d2800 Uncommon trap: trap_request=0xffffffde fr.pc=0x00000000039f8b08
Event: 3.608 Thread 0x00000000031d2800 DEOPT PACKING pc=0x00000000039f8b08 sp=0x00000000031cdb50
Event: 3.608 Thread 0x00000000031d2800 DEOPT UNPACKING pc=0x000000000331583b sp=0x00000000031cdb08 mode 2
Event: 3.608 Thread 0x00000000031d2800 Uncommon trap: trap_request=0xffffffde fr.pc=0x00000000039f8b08
Event: 3.608 Thread 0x00000000031d2800 DEOPT PACKING pc=0x00000000039f8b08 sp=0x00000000031cdb50
Event: 3.608 Thread 0x00000000031d2800 DEOPT UNPACKING pc=0x000000000331583b sp=0x00000000031cdb08 mode 2
Event: 3.609 Thread 0x00000000031d2800 Uncommon trap: trap_request=0xffffffde fr.pc=0x00000000039f8b08
Event: 3.609 Thread 0x00000000031d2800 DEOPT PACKING pc=0x00000000039f8b08 sp=0x00000000031cdb50
Event: 3.609 Thread 0x00000000031d2800 DEOPT UNPACKING pc=0x000000000331583b sp=0x00000000031cdb08 mode 2


Dynamic libraries:
0x00007ff6aff50000 - 0x00007ff6aff87000 	C:\Program Files\Java\jdk1.8.0_221\bin\java.exe
0x00007ff8e27f0000 - 0x00007ff8e29d1000 	C:\Windows\SYSTEM32\ntdll.dll
0x00007ff8e16f0000 - 0x00007ff8e17a2000 	C:\Windows\System32\KERNEL32.DLL
0x00007ff8decb0000 - 0x00007ff8def23000 	C:\Windows\System32\KERNELBASE.dll
0x00007ff8e01e0000 - 0x00007ff8e0281000 	C:\Windows\System32\ADVAPI32.dll
0x00007ff8dff70000 - 0x00007ff8e000e000 	C:\Windows\System32\msvcrt.dll
0x00007ff8e21c0000 - 0x00007ff8e221b000 	C:\Windows\System32\sechost.dll
0x00007ff8dfda0000 - 0x00007ff8dfec4000 	C:\Windows\System32\RPCRT4.dll
0x00007ff8e1c70000 - 0x00007ff8e1e00000 	C:\Windows\System32\USER32.dll
0x00007ff8df990000 - 0x00007ff8df9b0000 	C:\Windows\System32\win32u.dll
0x00007ff8dfd70000 - 0x00007ff8dfd98000 	C:\Windows\System32\GDI32.dll
0x00007ff8df7f0000 - 0x00007ff8df982000 	C:\Windows\System32\gdi32full.dll
0x00007ff8debc0000 - 0x00007ff8dec5f000 	C:\Windows\System32\msvcp_win.dll
0x00007ff8df6f0000 - 0x00007ff8df7ea000 	C:\Windows\System32\ucrtbase.dll
0x00007ff8d7160000 - 0x00007ff8d73c9000 	C:\Windows\WinSxS\amd64_microsoft.windows.common-controls_6595b64144ccf1df_6.0.17134.112_none_fb3f961b30681c12\COMCTL32.dll
0x00007ff8e1e90000 - 0x00007ff8e21b3000 	C:\Windows\System32\combase.dll
0x00007ff8df9b0000 - 0x00007ff8dfa2a000 	C:\Windows\System32\bcryptPrimitives.dll
0x00007ff8dfc80000 - 0x00007ff8dfcad000 	C:\Windows\System32\IMM32.DLL
0x00000000546f0000 - 0x00000000547c2000 	C:\Program Files\Java\jdk1.8.0_221\jre\bin\msvcr100.dll
0x0000000053e40000 - 0x00000000546e5000 	C:\Program Files\Java\jdk1.8.0_221\jre\bin\server\jvm.dll
0x00007ff8e2650000 - 0x00007ff8e2658000 	C:\Windows\System32\PSAPI.DLL
0x00007ff8ca570000 - 0x00007ff8ca579000 	C:\Windows\SYSTEM32\WSOCK32.dll
0x00007ff8e17b0000 - 0x00007ff8e181c000 	C:\Windows\System32\WS2_32.dll
0x00007ff8d8d20000 - 0x00007ff8d8d2a000 	C:\Windows\SYSTEM32\VERSION.dll
0x00007ff8d5920000 - 0x00007ff8d5943000 	C:\Windows\SYSTEM32\WINMM.dll
0x00007ff8d58f0000 - 0x00007ff8d591a000 	C:\Windows\SYSTEM32\winmmbase.dll
0x00007ff8dec60000 - 0x00007ff8deca9000 	C:\Windows\System32\cfgmgr32.dll
0x00007ff8db720000 - 0x00007ff8db72f000 	C:\Program Files\Java\jdk1.8.0_221\jre\bin\verify.dll
0x00007ff8c9fc0000 - 0x00007ff8c9fe9000 	C:\Program Files\Java\jdk1.8.0_221\jre\bin\java.dll
0x00007ff8c9c40000 - 0x00007ff8c9c56000 	C:\Program Files\Java\jdk1.8.0_221\jre\bin\zip.dll
0x00007ff8e0290000 - 0x00007ff8e16d0000 	C:\Windows\System32\SHELL32.dll
0x00007ff8e25a0000 - 0x00007ff8e2649000 	C:\Windows\System32\shcore.dll
0x00007ff8defe0000 - 0x00007ff8df6ed000 	C:\Windows\System32\windows.storage.dll
0x00007ff8e2220000 - 0x00007ff8e2271000 	C:\Windows\System32\shlwapi.dll
0x00007ff8deb80000 - 0x00007ff8deb91000 	C:\Windows\System32\kernel.appcore.dll
0x00007ff8deba0000 - 0x00007ff8debbf000 	C:\Windows\System32\profapi.dll
0x00007ff8deb00000 - 0x00007ff8deb4c000 	C:\Windows\System32\powrprof.dll
0x00007ff8deb50000 - 0x00007ff8deb5a000 	C:\Windows\System32\FLTLIB.DLL
0x00007ff8d9d50000 - 0x00007ff8d9d5a000 	D:\apache-maven-3.6.1\lib\jansi-native\windows64\jansi.dll
0x00007ff8c9c20000 - 0x00007ff8c9c3a000 	C:\Program Files\Java\jdk1.8.0_221\jre\bin\net.dll
0x00007ff8d7ad0000 - 0x00007ff8d7c98000 	C:\Windows\SYSTEM32\urlmon.dll
0x00007ff8cd810000 - 0x00007ff8cdab2000 	C:\Windows\SYSTEM32\iertutil.dll
0x00007ff8de510000 - 0x00007ff8de51b000 	C:\Windows\SYSTEM32\CRYPTBASE.DLL
0x00007ff8de340000 - 0x00007ff8de3a6000 	C:\Windows\system32\mswsock.dll
0x00007ff8c98a0000 - 0x00007ff8c98b2000 	C:\Program Files\Java\jdk1.8.0_221\jre\bin\nio.dll

VM Arguments:
jvm_args: -Dclassworlds.conf=D:\apache-maven-3.6.1\bin\..\bin\m2.conf -Dmaven.home=D:\apache-maven-3.6.1\bin\.. -Dlibrary.jansi.path=D:\apache-maven-3.6.1\bin\..\lib\jansi-native -Dmaven.multiModuleProjectDirectory=D:\git_project\socket-learn\chatRoom_1_0\client 
java_command: org.codehaus.plexus.classworlds.launcher.Launcher -Dmaven.test.skip=true assembly:assembly
java_class_path (initial): D:\apache-maven-3.6.1\bin\..\boot\plexus-classworlds-2.6.0.jar
Launcher Type: SUN_STANDARD

Environment Variables:
JAVA_HOME=C:\Program Files\Java\jdk1.8.0_221
CLASSPATH=.;C:\Program Files\Java\jdk1.8.0_221\lib\dt.jar;C:\Program Files\Java\jdk1.8.0_221\lib\tools.jar;  ;C:\Program Files\Apache Software Foundation\Tomcat 9.0;\common\lib\servlet-api.jar;
PATH=D:\软件安装目录\;C:\Program Files (x86)\Common Files\Oracle\Java\javapath;C:\Program Files\Java\jdk1.8.0_221\bin;C:\Program Files\Java\jdk1.8.0_221\jre\bin;C:\Windows\system32;C:\Windows;C:\Windows\System32\Wbem;C:\Windows\System32\WindowsPowerShell\v1.0\;C:\Windows\System32\OpenSSH\;C:\Program Files\Git\cmd;";;C:\Program Files\Apache Software Foundation\Tomcat 9.0;\lib;;C:\Program Files\Apache Software Foundation\Tomcat 9.0;\bin";D:\Anaconda3\Library\bin\graphviz;C:\Program Files\dotnet\;C:\Program Files\Microsoft SQL Server\130\Tools\Binn\;C:\Program Files\Microsoft SQL Server\Client SDK\ODBC\170\Tools\Binn\;D:\apache-maven-3.6.1\bin;D:\软件安装目录\OpenVPN\bin;C:\Program Files\OpenVPN\bin;D:\Anaconda3;D:\Anaconda3\Library\mingw-w64\bin;D:\Anaconda3\Library\usr\bin;D:\Anaconda3\Library\bin;D:\Anaconda3\Scripts;C:\Users\Administrator\AppData\Local\Microsoft\WindowsApps;C:\Users\Administrator\.babun;D:\软件安装目录\Microsoft VS Code\bin
USERNAME=Administrator
OS=Windows_NT
PROCESSOR_IDENTIFIER=Intel64 Family 6 Model 142 Stepping 10, GenuineIntel



---------------  S Y S T E M  ---------------

OS: Windows 10.0 , 64 bit Build 17134 (10.0.17134.1)

CPU:total 8 (initial active 8) (4 cores per cpu, 2 threads per core) family 6 model 142 stepping 10, cmov, cx8, fxsr, mmx, sse, sse2, sse3, ssse3, sse4.1, sse4.2, popcnt, avx, avx2, aes, clmul, erms, 3dnowpref, lzcnt, ht, tsc, tscinvbit, bmi1, bmi2, adx

Memory: 4k page, physical 8295652k(1546784k free), swap 21402976k(6308k free)

vm_info: Java HotSpot(TM) 64-Bit Server VM (25.221-b11) for windows-amd64 JRE (1.8.0_221-b11), built on Jul  4 2019 04:39:29 by "java_re" with MS VC++ 10.0 (VS2010)

time: Tue Nov 05 00:10:40 2019
timezone: 中国标准时间
elapsed time: 3 seconds (0d 0h 0m 3s)

